[2023-04-20 03:05:35,681] multiqc                                            [DEBUG  ]  This is MultiQC v1.13
[2023-04-20 03:05:35,689] multiqc                                            [DEBUG  ]  Loading config settings from: output/multiqc_config.yaml
[2023-04-20 03:05:35,689] multiqc                                            [DEBUG  ]  New config: {'custom_data': {'odgi_O': {'section_name': 'ODGI Compressed 1D visualization', 'description': 'This image shows a 1D rendering of the built pangenome graph. The graph nodes are arranged from left to right, forming the pangenome sequence. Summarization of path coverage across all paths. A heatmap color-coding from https://colorbrewer2.org/#type=diverging&scheme=RdBu&n=11 is used. Dark blue means highest coverage. Dark red means lowest coverage. The path names are placed on the left. The black lines under the paths are the links, which represent the graph topology.'}, 'odgi_viz': {'section_name': 'ODGI 1D visualization', 'description': 'This image shows a 1D rendering of the built pangenome graph. The graph nodes are arranged from left to right, forming the pangenome sequence. The colored bars represent the paths versus the pangenome sequence in a binary matrix. The path names are placed on the left. The black lines under the paths are the links, which represent the graph topology.'}, 'odgi_viz_pos': {'section_name': 'ODGI 1D visualization by path position', 'description': 'This shows a 1D rendering of the built pangenome graph where the paths are colored according to their nucleotide position. Light grey means a low path position, black is the highest path position.'}, 'odgi_viz_inv': {'section_name': 'ODGI 1D visualization by path orientation', 'description': 'This image shows a 1D rendering of the built pangenome graph where the paths are colored by orientation. Forward is black, reverse is red.'}, 'odgi_viz_depth': {'section_name': 'ODGI 1D visualization by node depth', 'description': 'This shows a 1D rendering of the built pangenome graph where the paths are colored according to path depth. Using the Spectra color palette with 4 levels of path depths, white indicates no depth, while grey, red, and yellow indicate depth 1, 2, and greater than or equal to 3, respectively.'}, 'odgi_viz_uncalled': {'section_name': 'ODGI 1D visualization by uncalled bases', 'description': "This shows a 1D rendering of the built pangenome graph where the paths are colored according to the coverage of uncalled bases. The lighter the green, the higher the 'N' content of a node is."}, 'odgi_draw': {'section_name': 'ODGI 2D drawing', 'description': 'This image shows a 2D rendering of the built pangenome graph.'}}, 'ignore_images': False, 'module_order': ['odgi', 'custom_content'], 'custom_content': {'order': ['odgi_O', 'odgi_viz', 'odgi_viz_pos', 'odgi_viz_inv', 'odgi_viz_depth', 'odgi_viz_uncalled', 'odgi_draw']}, 'fn_clean_exts': ['.gfa']}
[2023-04-20 03:05:35,689] multiqc                                            [DEBUG  ]  Added to filename patterns: [{'odgi_O': {'fn': '*O_multiqc.png'}, 'odgi_draw': {'fn': '*draw_multiqc.png'}, 'odgi_viz': {'fn': '*viz_multiqc.png'}, 'odgi_viz_pos': {'fn': '*viz_pos_multiqc.png'}, 'odgi_viz_inv': {'fn': '*viz_inv_multiqc.png'}, 'odgi_viz_depth': {'fn': '*viz_depth_multiqc.png'}, 'odgi_viz_uncalled': {'fn': '*viz_uncalled_multiqc.png'}, 'testing_name': {'fn': '*draw.png'}}]
[2023-04-20 03:05:35,689] multiqc                                            [DEBUG  ]  Command used: /usr/local/bin/multiqc output -s -o output -c output/multiqc_config.yaml
[2023-04-20 03:05:37,467] multiqc                                            [WARNING]  MultiQC Version v1.14 now available!
[2023-04-20 03:05:37,468] multiqc                                            [INFO   ]  Not cleaning sample names
[2023-04-20 03:05:37,468] multiqc                                            [DEBUG  ]  Working dir : /nesi/nobackup/ga03793/pg_workshop
[2023-04-20 03:05:37,468] multiqc                                            [DEBUG  ]  Template    : default
[2023-04-20 03:05:37,468] multiqc                                            [DEBUG  ]  Running Python 3.9.2 (default, Feb 28 2021, 17:03:44)  [GCC 10.2.1 20210110]
[2023-04-20 03:05:37,468] multiqc                                            [DEBUG  ]  Analysing modules: adapterRemoval, afterqc, bamtools, bbmap, bcftools, bcl2fastq, bclconvert, biobambam2, biobloomtools, biscuit, bismark, bowtie1, bowtie2, busco, bustools, ccs, checkqc, clipandmerge, clusterflow, conpair, cutadapt, damageprofiler, dedup, deeptools, disambiguate, dragen, eigenstratdatabasetools, fastp, fastq_screen, fastqc, featureCounts, fgbio, flash, flexbar, gatk, gffcompare, goleft_indexcov, happy, hicexplorer, hicpro, hicup, hisat2, homer, hops, htseq, interop, ivar, jcvi, jellyfish, kaiju, kallisto, kat, kraken, leehom, lima, longranger, macs2, malt, methylQA, minionqc, mirtop, mirtrace, mosdepth, mtnucratio, multivcfanalyzer, nanostat, ngsderive, optitype, pangolin, pbmarkdup, peddy, phantompeakqualtools, picard, preseq, prokka, purple, pychopper, pycoqc, qc3C, qorts, qualimap, quast, rna_seqc, rockhopper, rsem, rseqc, salmon, sambamba, samblaster, samtools, sargasso, sentieon, seqyclean, sexdeterrmine, sickle, skewer, slamdunk, snippy, snpeff, snpsplit, somalier, sortmerna, stacks, star, supernova, theta2, tophat, trimmomatic, varscan2, vcftools, vep, verifybamid, whatshap, odgi, custom_content
[2023-04-20 03:05:37,469] multiqc                                            [DEBUG  ]  Using temporary directory for creating report: /dev/shm/jobs/34581395/tmplcn5ttzc
[2023-04-20 03:05:37,712] multiqc                                            [INFO   ]  Search path : /nesi/nobackup/ga03793/pg_workshop/output
[2023-04-20 03:05:37,715] multiqc                                            [DEBUG  ]  Ignored 1 search patterns as didn't match running modules.
[2023-04-20 03:05:44,629] multiqc                                            [DEBUG  ]  Summary of files that were skipped by the search: [skipped_file_contents_search_errors: 766] // [skipped_module_specific_max_filesize: 164] // [skipped_no_match: 18] // [skipped_ignore_pattern: 1]
[2023-04-20 03:05:45,105] multiqc.plots.bargraph                             [DEBUG  ]  Using matplotlib version 3.7.0
[2023-04-20 03:05:45,106] multiqc.plots.linegraph                            [DEBUG  ]  Using matplotlib version 3.7.0
[2023-04-20 03:05:45,119] multiqc.modules.bcftools.bcftools                  [INFO   ]  Found 1 stats reports
[2023-04-20 03:05:45,124] multiqc.modules.odgi.odgi                          [WARNING]  Could not parse YAML for '{'fn': '4Sim.fa.3541aba.c2fac19.9d98660.smooth.final.og.stats.yaml', 'root': 'output', 'filesize': 925, 'sp_key': 'odgi', 's_name': '4Sim.fa.3541aba.c2fac19.9d98660.smooth.final.og.stats.yaml', 'f': <_io.TextIOWrapper name='output/4Sim.fa.3541aba.c2fac19.9d98660.smooth.final.og.stats.yaml' mode='r' encoding='utf-8'>}': 
  mapping values are not allowed here
  in "output/4Sim.fa.3541aba.c2fac19.9d98660.smooth.final.og.stats.yaml", line 1, column 13
[2023-04-20 03:05:45,125] multiqc.modules.odgi.odgi                          [WARNING]  Could not parse YAML for '{'fn': '4Sim.fa.3541aba.c2fac19.seqwish.og.stats.yaml', 'root': 'output', 'filesize': 925, 'sp_key': 'odgi', 's_name': '4Sim.fa.3541aba.c2fac19.seqwish.og.stats.yaml', 'f': <_io.TextIOWrapper name='output/4Sim.fa.3541aba.c2fac19.seqwish.og.stats.yaml' mode='r' encoding='utf-8'>}': 
  mapping values are not allowed here
  in "output/4Sim.fa.3541aba.c2fac19.seqwish.og.stats.yaml", line 1, column 13
[2023-04-20 03:05:45,125] multiqc                                            [DEBUG  ]  No samples found: odgi
[2023-04-20 03:05:45,133] multiqc.modules.custom_content.custom_content      [INFO   ]  odgi_O: Found 1 sample (image)
[2023-04-20 03:05:45,133] multiqc.modules.custom_content.custom_content      [INFO   ]  odgi_viz: Found 1 sample (image)
[2023-04-20 03:05:45,134] multiqc.modules.custom_content.custom_content      [INFO   ]  odgi_viz_pos: Found 1 sample (image)
[2023-04-20 03:05:45,134] multiqc.modules.custom_content.custom_content      [INFO   ]  odgi_viz_inv: Found 1 sample (image)
[2023-04-20 03:05:45,134] multiqc.modules.custom_content.custom_content      [INFO   ]  odgi_viz_depth: Found 1 sample (image)
[2023-04-20 03:05:45,134] multiqc.modules.custom_content.custom_content      [INFO   ]  odgi_viz_uncalled: Found 1 sample (image)
[2023-04-20 03:05:45,134] multiqc.modules.custom_content.custom_content      [INFO   ]  odgi_draw: Found 1 sample (image)
[2023-04-20 03:05:45,137] multiqc                                            [INFO   ]  Compressing plot data
[2023-04-20 03:05:45,142] multiqc                                            [INFO   ]  Report      : output/multiqc_report.html
[2023-04-20 03:05:45,142] multiqc                                            [INFO   ]  Data        : output/multiqc_data
[2023-04-20 03:05:45,142] multiqc                                            [DEBUG  ]  Moving data file from '/dev/shm/jobs/34581395/tmplcn5ttzc/multiqc_data' to 'output/multiqc_data'
[2023-04-20 03:05:45,232] multiqc                                            [INFO   ]  MultiQC complete
